<!DOCTYPE html>
<html>
<head>
<meta http-equiv="Content-Type" content="text/html; charset=utf-8"/>
<meta http-equiv="x-ua-compatible" content="IE=edge"/>
<title>Test results - Class serenity.DefinitionTestSuite</title>
<link href="../css/base-style.css" rel="stylesheet" type="text/css"/>
<link href="../css/style.css" rel="stylesheet" type="text/css"/>
<script src="../js/report.js" type="text/javascript"></script>
</head>
<body>
<div id="content">
<h1>Class serenity.DefinitionTestSuite</h1>
<div class="breadcrumbs">
<a href="../index.html">all</a> &gt; 
<a href="../packages/serenity.html">serenity</a> &gt; DefinitionTestSuite</div>
<div id="summary">
<table>
<tr>
<td>
<div class="summaryGroup">
<table>
<tr>
<td>
<div class="infoBox" id="tests">
<div class="counter">0</div>
<p>tests</p>
</div>
</td>
<td>
<div class="infoBox" id="failures">
<div class="counter">0</div>
<p>failures</p>
</div>
</td>
<td>
<div class="infoBox" id="ignored">
<div class="counter">0</div>
<p>ignored</p>
</div>
</td>
<td>
<div class="infoBox" id="duration">
<div class="counter">-</div>
<p>duration</p>
</div>
</td>
</tr>
</table>
</div>
</td>
<td>
<div class="infoBox success" id="successRate">
<div class="percent">-</div>
<p>successful</p>
</div>
</td>
</tr>
</table>
</div>
<div id="tabs">
<ul class="tabLinks">
<li>
<a href="#tab0">Tests</a>
</li>
<li>
<a href="#tab1">Standard output</a>
</li>
<li>
<a href="#tab2">Standard error</a>
</li>
</ul>
<div id="tab0" class="tab">
<h2>Tests</h2>
<table>
<thead>
<tr>
<th>Test</th>
<th>Duration</th>
<th>Result</th>
</tr>
</thead>
</table>
</div>
<div id="tab1" class="tab">
<h2>Standard output</h2>
<span class="code">
<pre>Customer type is: OD unmonitored card payment customer
Customer type is:  PayPlus logged on customer
Customer type is: smart OD unmonitored card payment customer
Customer type is: smart PayPlus customer

?[31mFailed scenarios:?[0m
?[31mNewEra_388.feature:10 ?[0m# Scenario: OD unmonitored card payment logged on customer
?[31mNewEra_388.feature:26 ?[0m# Scenario: PayPlus logged on customer
?[31mNewEra_389.feature:10 ?[0m# Scenario: OD unmonitored card payment logged on customer
?[31mNewEra_389.feature:27 ?[0m# Scenario: smart PayPlus logged on customer
?[31mNewEra_433.feature:11 ?[0m# Scenario: View Bill URL
?[31mNewEra_477.feature:12 ?[0m# Scenario: To verify that its correct till 2 decimal point

6 Scenarios (?[31m6 failed?[0m)
65 Steps (?[31m6 failed?[0m, ?[36m39 skipped?[0m, ?[33m4 undefined?[0m, ?[32m16 passed?[0m)
2m25.051s

net.serenitybdd.core.exceptions.SerenityManagedException: Timed out after 5 seconds. Element not found
For documentation on this error, please visit: http://seleniumhq.org/exceptions/no_such_element.html
Build info: version: '2.53.0', revision: '35ae25b1534ae328c771e0856c93e187490ca824', time: '2016-03-15 10:43:46'
System info: host: 'HP10058912', ip: '10.81.213.16', os.name: 'Windows 7', os.arch: 'x86', os.version: '6.1', java.version: '1.8.0_112'
Driver info: driver.version: unknown
	at net.thucydides.core.annotations.locators.SmartAjaxElementLocator.ajaxFindElement(SmartAjaxElementLocator.java:145)
	at net.thucydides.core.annotations.locators.SmartAjaxElementLocator.findElement(SmartAjaxElementLocator.java:93)
	at net.serenitybdd.core.pages.WebElementFacadeImpl.getElement(WebElementFacadeImpl.java:144)
	at net.serenitybdd.core.pages.WebElementFacadeImpl.isDisplayed(WebElementFacadeImpl.java:1063)
	at sun.reflect.NativeMethodAccessorImpl.invoke0(Native Method)
	at sun.reflect.NativeMethodAccessorImpl.invoke(NativeMethodAccessorImpl.java:62)
	at sun.reflect.DelegatingMethodAccessorImpl.invoke(DelegatingMethodAccessorImpl.java:43)
	at java.lang.reflect.Method.invoke(Method.java:498)
	at net.thucydides.core.annotations.locators.AbstractSingleItemHandler.invoke(AbstractSingleItemHandler.java:45)
	at com.sun.proxy.$Proxy28.isDisplayed(Unknown Source)
	at serenity.pages.MyAccountPage.MyAccountText_is_Displayed(MyAccountPage.java:46)
	at serenity.steps.serenity.EndUserSteps_NewEra.My_Account_Screen_is_Displayed(EndUserSteps_NewEra.java:36)
	at serenity.steps.serenity.EndUserSteps_NewEra$$EnhancerByCGLIB$$51ba5e2.CGLIB$My_Account_Screen_is_Displayed$1(&lt;generated&gt;)
	at serenity.steps.serenity.EndUserSteps_NewEra$$EnhancerByCGLIB$$51ba5e2$$FastClassByCGLIB$$a3e8b87a.invoke(&lt;generated&gt;)
	at net.sf.cglib.proxy.MethodProxy.invokeSuper(MethodProxy.java:228)
	at net.thucydides.core.steps.StepInterceptor.invokeMethod(StepInterceptor.java:348)
	at net.thucydides.core.steps.StepInterceptor.executeTestStepMethod(StepInterceptor.java:333)
	at net.thucydides.core.steps.StepInterceptor.runTestStep(StepInterceptor.java:308)
	at net.thucydides.core.steps.StepInterceptor.testStepResult(StepInterceptor.java:130)
	at net.thucydides.core.steps.StepInterceptor.intercept(StepInterceptor.java:57)
	at serenity.steps.serenity.EndUserSteps_NewEra$$EnhancerByCGLIB$$51ba5e2.My_Account_Screen_is_Displayed(&lt;generated&gt;)
	at serenity.steps.DefinitionSteps_NewEra.my_account_screen_is_displayed(DefinitionSteps_NewEra.java:29)
	at ?.And My account screen is displayed(NewEra_388.feature:13)

net.serenitybdd.core.exceptions.SerenityManagedException: Timed out after 5 seconds. Element not found
For documentation on this error, please visit: http://seleniumhq.org/exceptions/no_such_element.html
Build info: version: '2.53.0', revision: '35ae25b1534ae328c771e0856c93e187490ca824', time: '2016-03-15 10:43:46'
System info: host: 'HP10058912', ip: '10.81.213.16', os.name: 'Windows 7', os.arch: 'x86', os.version: '6.1', java.version: '1.8.0_112'
Driver info: driver.version: unknown
	at net.thucydides.core.annotations.locators.SmartAjaxElementLocator.ajaxFindElement(SmartAjaxElementLocator.java:145)
	at net.thucydides.core.annotations.locators.SmartAjaxElementLocator.findElement(SmartAjaxElementLocator.java:93)
	at net.serenitybdd.core.pages.WebElementFacadeImpl.getElement(WebElementFacadeImpl.java:144)
	at net.serenitybdd.core.pages.WebElementFacadeImpl.isDisplayed(WebElementFacadeImpl.java:1063)
	at sun.reflect.NativeMethodAccessorImpl.invoke0(Native Method)
	at sun.reflect.NativeMethodAccessorImpl.invoke(NativeMethodAccessorImpl.java:62)
	at sun.reflect.DelegatingMethodAccessorImpl.invoke(DelegatingMethodAccessorImpl.java:43)
	at java.lang.reflect.Method.invoke(Method.java:498)
	at net.thucydides.core.annotations.locators.AbstractSingleItemHandler.invoke(AbstractSingleItemHandler.java:45)
	at com.sun.proxy.$Proxy28.isDisplayed(Unknown Source)
	at serenity.pages.MyAccountPage.MyAccountText_is_Displayed(MyAccountPage.java:46)
	at serenity.steps.serenity.EndUserSteps_NewEra.My_Account_Screen_is_Displayed(EndUserSteps_NewEra.java:36)
	at serenity.steps.serenity.EndUserSteps_NewEra$$EnhancerByCGLIB$$51ba5e2.CGLIB$My_Account_Screen_is_Displayed$1(&lt;generated&gt;)
	at serenity.steps.serenity.EndUserSteps_NewEra$$EnhancerByCGLIB$$51ba5e2$$FastClassByCGLIB$$a3e8b87a.invoke(&lt;generated&gt;)
	at net.sf.cglib.proxy.MethodProxy.invokeSuper(MethodProxy.java:228)
	at net.thucydides.core.steps.StepInterceptor.invokeMethod(StepInterceptor.java:348)
	at net.thucydides.core.steps.StepInterceptor.executeTestStepMethod(StepInterceptor.java:333)
	at net.thucydides.core.steps.StepInterceptor.runTestStep(StepInterceptor.java:308)
	at net.thucydides.core.steps.StepInterceptor.testStepResult(StepInterceptor.java:130)
	at net.thucydides.core.steps.StepInterceptor.intercept(StepInterceptor.java:57)
	at serenity.steps.serenity.EndUserSteps_NewEra$$EnhancerByCGLIB$$51ba5e2.My_Account_Screen_is_Displayed(&lt;generated&gt;)
	at serenity.steps.DefinitionSteps_NewEra.my_account_screen_is_displayed(DefinitionSteps_NewEra.java:29)
	at ?.And My account screen is displayed(NewEra_388.feature:29)

net.serenitybdd.core.exceptions.SerenityManagedException: Timed out after 5 seconds. Element not found
For documentation on this error, please visit: http://seleniumhq.org/exceptions/no_such_element.html
Build info: version: '2.53.0', revision: '35ae25b1534ae328c771e0856c93e187490ca824', time: '2016-03-15 10:43:46'
System info: host: 'HP10058912', ip: '10.81.213.16', os.name: 'Windows 7', os.arch: 'x86', os.version: '6.1', java.version: '1.8.0_112'
Driver info: driver.version: unknown
	at net.thucydides.core.annotations.locators.SmartAjaxElementLocator.ajaxFindElement(SmartAjaxElementLocator.java:145)
	at net.thucydides.core.annotations.locators.SmartAjaxElementLocator.findElement(SmartAjaxElementLocator.java:93)
	at net.serenitybdd.core.pages.WebElementFacadeImpl.getElement(WebElementFacadeImpl.java:144)
	at net.serenitybdd.core.pages.WebElementFacadeImpl.isDisplayed(WebElementFacadeImpl.java:1063)
	at sun.reflect.NativeMethodAccessorImpl.invoke0(Native Method)
	at sun.reflect.NativeMethodAccessorImpl.invoke(NativeMethodAccessorImpl.java:62)
	at sun.reflect.DelegatingMethodAccessorImpl.invoke(DelegatingMethodAccessorImpl.java:43)
	at java.lang.reflect.Method.invoke(Method.java:498)
	at net.thucydides.core.annotations.locators.AbstractSingleItemHandler.invoke(AbstractSingleItemHandler.java:45)
	at com.sun.proxy.$Proxy28.isDisplayed(Unknown Source)
	at serenity.pages.MyAccountPage.MyAccountText_is_Displayed(MyAccountPage.java:46)
	at serenity.steps.serenity.EndUserSteps_NewEra.My_Account_Screen_is_Displayed(EndUserSteps_NewEra.java:36)
	at serenity.steps.serenity.EndUserSteps_NewEra$$EnhancerByCGLIB$$51ba5e2.CGLIB$My_Account_Screen_is_Displayed$1(&lt;generated&gt;)
	at serenity.steps.serenity.EndUserSteps_NewEra$$EnhancerByCGLIB$$51ba5e2$$FastClassByCGLIB$$a3e8b87a.invoke(&lt;generated&gt;)
	at net.sf.cglib.proxy.MethodProxy.invokeSuper(MethodProxy.java:228)
	at net.thucydides.core.steps.StepInterceptor.invokeMethod(StepInterceptor.java:348)
	at net.thucydides.core.steps.StepInterceptor.executeTestStepMethod(StepInterceptor.java:333)
	at net.thucydides.core.steps.StepInterceptor.runTestStep(StepInterceptor.java:308)
	at net.thucydides.core.steps.StepInterceptor.testStepResult(StepInterceptor.java:130)
	at net.thucydides.core.steps.StepInterceptor.intercept(StepInterceptor.java:57)
	at serenity.steps.serenity.EndUserSteps_NewEra$$EnhancerByCGLIB$$51ba5e2.My_Account_Screen_is_Displayed(&lt;generated&gt;)
	at serenity.steps.DefinitionSteps_NewEra.my_account_screen_is_displayed(DefinitionSteps_NewEra.java:29)
	at ?.And My account screen is displayed(NewEra_389.feature:13)

net.serenitybdd.core.exceptions.SerenityManagedException: Timed out after 5 seconds. Element not found
For documentation on this error, please visit: http://seleniumhq.org/exceptions/no_such_element.html
Build info: version: '2.53.0', revision: '35ae25b1534ae328c771e0856c93e187490ca824', time: '2016-03-15 10:43:46'
System info: host: 'HP10058912', ip: '10.81.213.16', os.name: 'Windows 7', os.arch: 'x86', os.version: '6.1', java.version: '1.8.0_112'
Driver info: driver.version: unknown
	at net.thucydides.core.annotations.locators.SmartAjaxElementLocator.ajaxFindElement(SmartAjaxElementLocator.java:145)
	at net.thucydides.core.annotations.locators.SmartAjaxElementLocator.findElement(SmartAjaxElementLocator.java:93)
	at net.serenitybdd.core.pages.WebElementFacadeImpl.getElement(WebElementFacadeImpl.java:144)
	at net.serenitybdd.core.pages.WebElementFacadeImpl.isDisplayed(WebElementFacadeImpl.java:1063)
	at sun.reflect.NativeMethodAccessorImpl.invoke0(Native Method)
	at sun.reflect.NativeMethodAccessorImpl.invoke(NativeMethodAccessorImpl.java:62)
	at sun.reflect.DelegatingMethodAccessorImpl.invoke(DelegatingMethodAccessorImpl.java:43)
	at java.lang.reflect.Method.invoke(Method.java:498)
	at net.thucydides.core.annotations.locators.AbstractSingleItemHandler.invoke(AbstractSingleItemHandler.java:45)
	at com.sun.proxy.$Proxy28.isDisplayed(Unknown Source)
	at serenity.pages.MyAccountPage.MyAccountText_is_Displayed(MyAccountPage.java:46)
	at serenity.steps.serenity.EndUserSteps_NewEra.My_Account_Screen_is_Displayed(EndUserSteps_NewEra.java:36)
	at serenity.steps.serenity.EndUserSteps_NewEra$$EnhancerByCGLIB$$51ba5e2.CGLIB$My_Account_Screen_is_Displayed$1(&lt;generated&gt;)
	at serenity.steps.serenity.EndUserSteps_NewEra$$EnhancerByCGLIB$$51ba5e2$$FastClassByCGLIB$$a3e8b87a.invoke(&lt;generated&gt;)
	at net.sf.cglib.proxy.MethodProxy.invokeSuper(MethodProxy.java:228)
	at net.thucydides.core.steps.StepInterceptor.invokeMethod(StepInterceptor.java:348)
	at net.thucydides.core.steps.StepInterceptor.executeTestStepMethod(StepInterceptor.java:333)
	at net.thucydides.core.steps.StepInterceptor.runTestStep(StepInterceptor.java:308)
	at net.thucydides.core.steps.StepInterceptor.testStepResult(StepInterceptor.java:130)
	at net.thucydides.core.steps.StepInterceptor.intercept(StepInterceptor.java:57)
	at serenity.steps.serenity.EndUserSteps_NewEra$$EnhancerByCGLIB$$51ba5e2.My_Account_Screen_is_Displayed(&lt;generated&gt;)
	at serenity.steps.DefinitionSteps_NewEra.my_account_screen_is_displayed(DefinitionSteps_NewEra.java:29)
	at ?.And My account screen is displayed(NewEra_389.feature:30)

net.serenitybdd.core.exceptions.SerenityManagedException: Timed out after 5 seconds. Element not found
For documentation on this error, please visit: http://seleniumhq.org/exceptions/no_such_element.html
Build info: version: '2.53.0', revision: '35ae25b1534ae328c771e0856c93e187490ca824', time: '2016-03-15 10:43:46'
System info: host: 'HP10058912', ip: '10.81.213.16', os.name: 'Windows 7', os.arch: 'x86', os.version: '6.1', java.version: '1.8.0_112'
Driver info: driver.version: unknown
	at net.thucydides.core.annotations.locators.SmartAjaxElementLocator.ajaxFindElement(SmartAjaxElementLocator.java:145)
	at net.thucydides.core.annotations.locators.SmartAjaxElementLocator.findElement(SmartAjaxElementLocator.java:93)
	at net.serenitybdd.core.pages.WebElementFacadeImpl.getElement(WebElementFacadeImpl.java:144)
	at net.serenitybdd.core.pages.WebElementFacadeImpl.isDisplayed(WebElementFacadeImpl.java:1063)
	at sun.reflect.NativeMethodAccessorImpl.invoke0(Native Method)
	at sun.reflect.NativeMethodAccessorImpl.invoke(NativeMethodAccessorImpl.java:62)
	at sun.reflect.DelegatingMethodAccessorImpl.invoke(DelegatingMethodAccessorImpl.java:43)
	at java.lang.reflect.Method.invoke(Method.java:498)
	at net.thucydides.core.annotations.locators.AbstractSingleItemHandler.invoke(AbstractSingleItemHandler.java:45)
	at com.sun.proxy.$Proxy28.isDisplayed(Unknown Source)
	at serenity.pages.MyAccountPage.MyAccountText_is_Displayed(MyAccountPage.java:46)
	at serenity.steps.serenity.EndUserSteps_NewEra.My_Account_Screen_is_Displayed(EndUserSteps_NewEra.java:36)
	at serenity.steps.serenity.EndUserSteps_NewEra$$EnhancerByCGLIB$$51ba5e2.CGLIB$My_Account_Screen_is_Displayed$1(&lt;generated&gt;)
	at serenity.steps.serenity.EndUserSteps_NewEra$$EnhancerByCGLIB$$51ba5e2$$FastClassByCGLIB$$a3e8b87a.invoke(&lt;generated&gt;)
	at net.sf.cglib.proxy.MethodProxy.invokeSuper(MethodProxy.java:228)
	at net.thucydides.core.steps.StepInterceptor.invokeMethod(StepInterceptor.java:348)
	at net.thucydides.core.steps.StepInterceptor.executeTestStepMethod(StepInterceptor.java:333)
	at net.thucydides.core.steps.StepInterceptor.runTestStep(StepInterceptor.java:308)
	at net.thucydides.core.steps.StepInterceptor.testStepResult(StepInterceptor.java:130)
	at net.thucydides.core.steps.StepInterceptor.intercept(StepInterceptor.java:57)
	at serenity.steps.serenity.EndUserSteps_NewEra$$EnhancerByCGLIB$$51ba5e2.My_Account_Screen_is_Displayed(&lt;generated&gt;)
	at serenity.steps.DefinitionSteps_NewEra.my_account_screen_is_displayed(DefinitionSteps_NewEra.java:29)
	at ?.And My account screen is displayed(NewEra_433.feature:9)

net.serenitybdd.core.exceptions.SerenityManagedException: Timed out after 5 seconds. Element not found
For documentation on this error, please visit: http://seleniumhq.org/exceptions/no_such_element.html
Build info: version: '2.53.0', revision: '35ae25b1534ae328c771e0856c93e187490ca824', time: '2016-03-15 10:43:46'
System info: host: 'HP10058912', ip: '10.81.213.16', os.name: 'Windows 7', os.arch: 'x86', os.version: '6.1', java.version: '1.8.0_112'
Driver info: driver.version: unknown
	at net.thucydides.core.annotations.locators.SmartAjaxElementLocator.ajaxFindElement(SmartAjaxElementLocator.java:145)
	at net.thucydides.core.annotations.locators.SmartAjaxElementLocator.findElement(SmartAjaxElementLocator.java:93)
	at net.serenitybdd.core.pages.WebElementFacadeImpl.getElement(WebElementFacadeImpl.java:144)
	at net.serenitybdd.core.pages.WebElementFacadeImpl.isDisplayed(WebElementFacadeImpl.java:1063)
	at sun.reflect.NativeMethodAccessorImpl.invoke0(Native Method)
	at sun.reflect.NativeMethodAccessorImpl.invoke(NativeMethodAccessorImpl.java:62)
	at sun.reflect.DelegatingMethodAccessorImpl.invoke(DelegatingMethodAccessorImpl.java:43)
	at java.lang.reflect.Method.invoke(Method.java:498)
	at net.thucydides.core.annotations.locators.AbstractSingleItemHandler.invoke(AbstractSingleItemHandler.java:45)
	at com.sun.proxy.$Proxy28.isDisplayed(Unknown Source)
	at serenity.pages.MyAccountPage.MyAccountText_is_Displayed(MyAccountPage.java:46)
	at serenity.steps.serenity.EndUserSteps_NewEra.My_Account_Screen_is_Displayed(EndUserSteps_NewEra.java:36)
	at serenity.steps.serenity.EndUserSteps_NewEra$$EnhancerByCGLIB$$51ba5e2.CGLIB$My_Account_Screen_is_Displayed$1(&lt;generated&gt;)
	at serenity.steps.serenity.EndUserSteps_NewEra$$EnhancerByCGLIB$$51ba5e2$$FastClassByCGLIB$$a3e8b87a.invoke(&lt;generated&gt;)
	at net.sf.cglib.proxy.MethodProxy.invokeSuper(MethodProxy.java:228)
	at net.thucydides.core.steps.StepInterceptor.invokeMethod(StepInterceptor.java:348)
	at net.thucydides.core.steps.StepInterceptor.executeTestStepMethod(StepInterceptor.java:333)
	at net.thucydides.core.steps.StepInterceptor.runTestStep(StepInterceptor.java:308)
	at net.thucydides.core.steps.StepInterceptor.testStepResult(StepInterceptor.java:130)
	at net.thucydides.core.steps.StepInterceptor.intercept(StepInterceptor.java:57)
	at serenity.steps.serenity.EndUserSteps_NewEra$$EnhancerByCGLIB$$51ba5e2.My_Account_Screen_is_Displayed(&lt;generated&gt;)
	at serenity.steps.DefinitionSteps_NewEra.my_account_screen_is_displayed(DefinitionSteps_NewEra.java:29)
	at ?.And My account screen is displayed(NewEra_477.feature:9)


You can implement missing steps with the snippets below:

@When(&quot;^the page has loaded$&quot;)
public void the_page_has_loaded() throws Throwable {
    // Write code here that turns the phrase above into concrete actions
    throw new PendingException();
}

@Then(&quot;^close the browser$&quot;)
public void close_the_browser() throws Throwable {
    // Write code here that turns the phrase above into concrete actions
    throw new PendingException();
}

</pre>
</span>
</div>
<div id="tab2" class="tab">
<h2>Standard error</h2>
<span class="code">
<pre>SLF4J: Failed to load class &quot;org.slf4j.impl.StaticLoggerBinder&quot;.
SLF4J: Defaulting to no-operation (NOP) logger implementation
SLF4J: See http://www.slf4j.org/codes.html#StaticLoggerBinder for further details.
</pre>
</span>
</div>
</div>
<div id="footer">
<p>
<div>
<label class="hidden" id="label-for-line-wrapping-toggle" for="line-wrapping-toggle">Wrap lines
<input id="line-wrapping-toggle" type="checkbox" autocomplete="off"/>
</label>
</div>Generated by 
<a href="http://www.gradle.org">Gradle 2.14.1</a> at 16-Nov-2016 10:20:32</p>
</div>
</div>
</body>
</html>
