<acceptance-test-run title="View Bill URL" name="View Bill URL" description="" steps="6" successful="2" failures="0" errors="1" skipped="3" ignored="0" pending="0" annotated-result="ERROR" result="ERROR" duration="22050" timestamp="2016-11-16T10:19:46.213Z" session-id="0cc301ecf74a6dde25b100db6c3bfe53">
  <user-story id="url-change-for-bill" name="URL change for Bill" path="NewEra_433.feature"/>
  <tags>
    <tag name="URL change for Bill" type="feature"/>
  </tags>
  <test-group name="Given user is on Testserver &quot;http://sm10372/legacylogin&quot;" result="SUCCESS">
    <screenshots>
      <screenshot image="38ba15ab36d738a7b758ab1f3fa8ed79.png"/>
    </screenshots>
    <test-step result="SUCCESS" duration="7980">
      <screenshots>
        <screenshot image="38ba15ab36d738a7b758ab1f3fa8ed79.png"/>
      </screenshots>
      <description>Is on the  login page</description>
    </test-step>
  </test-group>
  <test-group name="Given user is logged in as with these credentials, username: &quot;kzaki1973&quot; and password &quot;password1&quot;" result="SUCCESS">
    <screenshots>
      <screenshot image="e122d1cb1c761be5d69546e44076561b.png"/>
    </screenshots>
    <test-step result="SUCCESS" duration="3275">
      <screenshots>
        <screenshot image="e122d1cb1c761be5d69546e44076561b.png"/>
      </screenshots>
      <description>Login: &lt;span class=&apos;step-parameter&apos;&gt;kzaki1973, password1&lt;/span&gt;</description>
    </test-step>
  </test-group>
  <test-group name="And My account screen is displayed" result="ERROR">
    <test-step result="ERROR" duration="10331">
      <screenshots>
        <screenshot image="e122d1cb1c761be5d69546e44076561b.png" source="pagesource5916905485964405461.html.txt"/>
      </screenshots>
      <description>My  account  screen is  displayed</description>
      <error>org.openqa.selenium.NoSuchElementException: Timed out after 5 seconds. Element not found
For documentation on this error, please visit: http://seleniumhq.org/exceptions/no_such_element.html
Build info: version: &apos;2.53.0&apos;, revision: &apos;35ae25b1534ae328c771e0856c93e187490ca824&apos;, time: &apos;2016-03-15 10:43:46&apos;
System info: host: &apos;HP10058912&apos;, ip: &apos;10.81.213.16&apos;, os.name: &apos;Windows 7&apos;, os.arch: &apos;x86&apos;, os.version: &apos;6.1&apos;, java.version: &apos;1.8.0_112&apos;
Driver info: driver.version: unknown</error>
      <exception>org.openqa.selenium.NoSuchElementException:Timed out after 5 seconds. Element not found
For documentation on this error, please visit: http://seleniumhq.org/exceptions/no_such_element.html
Build info: version: &apos;2.53.0&apos;, revision: &apos;35ae25b1534ae328c771e0856c93e187490ca824&apos;, time: &apos;2016-03-15 10:43:46&apos;
System info: host: &apos;HP10058912&apos;, ip: &apos;10.81.213.16&apos;, os.name: &apos;Windows 7&apos;, os.arch: &apos;x86&apos;, os.version: &apos;6.1&apos;, java.version: &apos;1.8.0_112&apos;
Driver info: driver.version: unknown&#xd;
[serenity.pages.MyAccountPage.MyAccountText_is_Displayed(MyAccountPage.java:46), serenity.steps.serenity.EndUserSteps_NewEra.My_Account_Screen_is_Displayed(EndUserSteps_NewEra.java:36), serenity.steps.DefinitionSteps_NewEra.my_account_screen_is_displayed(DefinitionSteps_NewEra.java:29)]</exception>
    </test-step>
  </test-group>
  <test-step result="SKIPPED" duration="4">
    <description>Given there is an agreed URL structure</description>
  </test-step>
  <test-step result="SKIPPED" duration="4">
    <description>When a customer visits the view bill page</description>
  </test-step>
  <test-step result="SKIPPED" duration="3">
    <description>Then the URL is eonenergy.com/&quot;bill&quot;- not eonenergy.com/ViewBill</description>
  </test-step>
</acceptance-test-run>