<acceptance-test-run title="smart PayPlus logged on customer" name="smart PayPlus logged on customer" description="" steps="14" successful="3" failures="0" errors="1" skipped="8" ignored="0" pending="2" annotated-result="ERROR" result="ERROR" duration="24837" timestamp="2016-11-16T10:19:20.147Z" session-id="57233924ee30756b8b8fe95f4d25e319">
  <user-story id="my-account-tiles" name="My Account tiles" path="NewEra_389.feature"/>
  <tags>
    <tag name="My Account tiles" type="feature"/>
  </tags>
  <test-group name="Given user is on Testserver &quot;http://sm10372/legacylogin&quot;" result="SUCCESS">
    <screenshots>
      <screenshot image="38ba15ab36d738a7b758ab1f3fa8ed79.png"/>
    </screenshots>
    <test-step result="SUCCESS" duration="10413">
      <screenshots>
        <screenshot image="38ba15ab36d738a7b758ab1f3fa8ed79.png"/>
      </screenshots>
      <description>Is on the  login page</description>
    </test-step>
  </test-group>
  <test-step result="SUCCESS" duration="203">
    <screenshots>
      <screenshot image="38ba15ab36d738a7b758ab1f3fa8ed79.png"/>
    </screenshots>
    <description>Given that I am a &quot;smart PayPlus customer&quot;</description>
  </test-step>
  <test-group name="And user is logged in as with these credentials, username: &quot;divemandy-1&quot; and password &quot;password1&quot;" result="SUCCESS">
    <screenshots>
      <screenshot image="e122d1cb1c761be5d69546e44076561b.png"/>
    </screenshots>
    <test-step result="SUCCESS" duration="3376">
      <screenshots>
        <screenshot image="e122d1cb1c761be5d69546e44076561b.png"/>
      </screenshots>
      <description>Login: &lt;span class=&apos;step-parameter&apos;&gt;divemandy-1, password1&lt;/span&gt;</description>
    </test-step>
  </test-group>
  <test-group name="And My account screen is displayed" result="ERROR">
    <test-step result="ERROR" duration="10327">
      <screenshots>
        <screenshot image="e122d1cb1c761be5d69546e44076561b.png" source="pagesource8196060143826291922.html.txt"/>
      </screenshots>
      <description>My  account  screen is  displayed</description>
      <error>org.openqa.selenium.NoSuchElementException: Timed out after 5 seconds. Element not found
For documentation on this error, please visit: http://seleniumhq.org/exceptions/no_such_element.html
Build info: version: &apos;2.53.0&apos;, revision: &apos;35ae25b1534ae328c771e0856c93e187490ca824&apos;, time: &apos;2016-03-15 10:43:46&apos;
System info: host: &apos;HP10058912&apos;, ip: &apos;10.81.213.16&apos;, os.name: &apos;Windows 7&apos;, os.arch: &apos;x86&apos;, os.version: &apos;6.1&apos;, java.version: &apos;1.8.0_112&apos;
Driver info: driver.version: unknown</error>
      <exception>org.openqa.selenium.NoSuchElementException:Timed out after 5 seconds. Element not found
For documentation on this error, please visit: http://seleniumhq.org/exceptions/no_such_element.html
Build info: version: &apos;2.53.0&apos;, revision: &apos;35ae25b1534ae328c771e0856c93e187490ca824&apos;, time: &apos;2016-03-15 10:43:46&apos;
System info: host: &apos;HP10058912&apos;, ip: &apos;10.81.213.16&apos;, os.name: &apos;Windows 7&apos;, os.arch: &apos;x86&apos;, os.version: &apos;6.1&apos;, java.version: &apos;1.8.0_112&apos;
Driver info: driver.version: unknown&#xd;
[serenity.pages.MyAccountPage.MyAccountText_is_Displayed(MyAccountPage.java:46), serenity.steps.serenity.EndUserSteps_NewEra.My_Account_Screen_is_Displayed(EndUserSteps_NewEra.java:36), serenity.steps.DefinitionSteps_NewEra.my_account_screen_is_displayed(DefinitionSteps_NewEra.java:29)]</exception>
    </test-step>
  </test-group>
  <test-step result="PENDING" duration="4">
    <description>When the page has loaded</description>
  </test-step>
  <test-step result="SKIPPED" duration="4">
    <description>Then I am shown &quot;the smart OD version of&quot; the Your Account page</description>
  </test-step>
  <test-step result="SKIPPED" duration="3">
    <description>And Tile 1 is &quot;bill&quot;</description>
  </test-step>
  <test-step result="SKIPPED" duration="4">
    <description>And Tile 2 is &quot;Your payments&quot;</description>
  </test-step>
  <test-step result="SKIPPED" duration="4">
    <description>And Tile 3 is &quot;Check your tariff&quot;</description>
  </test-step>
  <test-step result="SKIPPED" duration="7">
    <description>And Tile 4 is &quot;Your energy use&quot;</description>
  </test-step>
  <test-step result="SKIPPED" duration="4">
    <description>And Tile 5 is &quot;Get a smart meter&quot;</description>
  </test-step>
  <test-step result="SKIPPED" duration="3">
    <description>And Tile 6 is &quot;Your Rewards&quot;</description>
  </test-step>
  <test-step result="SKIPPED" duration="3">
    <description>And Tile 7 is &quot;Manage your details&quot;</description>
  </test-step>
  <test-step result="PENDING" duration="4">
    <description>Then close the browser</description>
  </test-step>
</acceptance-test-run>