<acceptance-test-run title="To verify that its correct till 2 decimal point" name="To verify that its correct till 2 decimal point" description="" steps="7" successful="2" failures="0" errors="1" skipped="4" ignored="0" pending="0" annotated-result="ERROR" result="ERROR" duration="21419" timestamp="2016-11-16T10:20:09.741Z" session-id="1c6a8ac3193cc62dbba0689a289b286d">
  <user-story id="fdd-next-payment-amount-needs-to-always-be-�xx.xx" name="FDD next payment amount needs to always be �XX.XX" path="NewEra_477.feature"/>
  <tags>
    <tag name="Fdd next payment amount needs to always be ï¿½xx.xx" type="feature"/>
    <tag name="FDD next payment amount needs to always be �XX.XX" type="feature"/>
  </tags>
  <test-group name="Given user is on Testserver &quot;http://sm10372/legacylogin&quot;" result="SUCCESS">
    <screenshots>
      <screenshot image="38ba15ab36d738a7b758ab1f3fa8ed79.png"/>
    </screenshots>
    <test-step result="SUCCESS" duration="7143">
      <screenshots>
        <screenshot image="38ba15ab36d738a7b758ab1f3fa8ed79.png"/>
      </screenshots>
      <description>Is on the  login page</description>
    </test-step>
  </test-group>
  <test-group name="Given user is logged in as with these credentials, username: &quot;kzaki1973&quot; and password &quot;password1&quot;" result="SUCCESS">
    <screenshots>
      <screenshot image="e122d1cb1c761be5d69546e44076561b.png"/>
    </screenshots>
    <test-step result="SUCCESS" duration="3378">
      <screenshots>
        <screenshot image="e122d1cb1c761be5d69546e44076561b.png"/>
      </screenshots>
      <description>Login: &lt;span class=&apos;step-parameter&apos;&gt;kzaki1973, password1&lt;/span&gt;</description>
    </test-step>
  </test-group>
  <test-group name="And My account screen is displayed" result="ERROR">
    <test-step result="ERROR" duration="10389">
      <screenshots>
        <screenshot image="e122d1cb1c761be5d69546e44076561b.png" source="pagesource8747265003366903029.html.txt"/>
      </screenshots>
      <description>My  account  screen is  displayed</description>
      <error>org.openqa.selenium.NoSuchElementException: Timed out after 5 seconds. Element not found
For documentation on this error, please visit: http://seleniumhq.org/exceptions/no_such_element.html
Build info: version: &apos;2.53.0&apos;, revision: &apos;35ae25b1534ae328c771e0856c93e187490ca824&apos;, time: &apos;2016-03-15 10:43:46&apos;
System info: host: &apos;HP10058912&apos;, ip: &apos;10.81.213.16&apos;, os.name: &apos;Windows 7&apos;, os.arch: &apos;x86&apos;, os.version: &apos;6.1&apos;, java.version: &apos;1.8.0_112&apos;
Driver info: driver.version: unknown</error>
      <exception>org.openqa.selenium.NoSuchElementException:Timed out after 5 seconds. Element not found
For documentation on this error, please visit: http://seleniumhq.org/exceptions/no_such_element.html
Build info: version: &apos;2.53.0&apos;, revision: &apos;35ae25b1534ae328c771e0856c93e187490ca824&apos;, time: &apos;2016-03-15 10:43:46&apos;
System info: host: &apos;HP10058912&apos;, ip: &apos;10.81.213.16&apos;, os.name: &apos;Windows 7&apos;, os.arch: &apos;x86&apos;, os.version: &apos;6.1&apos;, java.version: &apos;1.8.0_112&apos;
Driver info: driver.version: unknown&#xd;
[serenity.pages.MyAccountPage.MyAccountText_is_Displayed(MyAccountPage.java:46), serenity.steps.serenity.EndUserSteps_NewEra.My_Account_Screen_is_Displayed(EndUserSteps_NewEra.java:36), serenity.steps.DefinitionSteps_NewEra.my_account_screen_is_displayed(DefinitionSteps_NewEra.java:29)]</exception>
    </test-step>
  </test-group>
  <test-step result="SKIPPED" duration="5">
    <description>When a customer visits the view bill page</description>
  </test-step>
  <test-step result="SKIPPED" duration="9">
    <description>Given As a fixed direct debit customer</description>
  </test-step>
  <test-step result="SKIPPED" duration="5">
    <description>When I view my next direct debit amount</description>
  </test-step>
  <test-step result="SKIPPED" duration="5">
    <description>Then show me the amount including pounds and pence</description>
  </test-step>
</acceptance-test-run>